2025-05-15 15:39:49,149 - INFO - Expert system analysis completed - Severity: normal
2025-05-15 15:39:49,149 - INFO - Case analyzed: Fever and Flu - Certificate issued
2025-05-15 15:41:26,209 - INFO - Expert system analysis completed - Severity: high
2025-05-15 15:41:26,209 - INFO - Case analyzed: Viral Infection (COVID-like) - Certificate issued
2025-05-15 15:46:59,125 - INFO - Expert system analysis completed - Severity: normal
2025-05-15 15:58:06,612 - INFO - Expert system analysis completed - Severity: normal
2025-05-15 15:58:06,612 - INFO - Expert system analysis completed - Severity: normal
2025-05-15 15:58:06,613 - INFO - Expert system analysis completed - Severity: moderate
2025-05-15 15:58:06,613 - INFO - Expert system analysis completed - Severity: moderate
2025-05-15 15:58:06,613 - INFO - Expert system analysis completed - Severity: normal
2025-05-15 15:58:06,613 - INFO - Expert system analysis completed - Severity: normal
2025-05-15 15:58:06,613 - INFO - Expert system analysis completed - Severity: normal
2025-05-15 15:58:06,613 - INFO - Expert system analysis completed - Severity: normal
2025-05-15 15:58:06,613 - INFO - Expert system analysis completed - Severity: moderate
2025-05-15 15:58:06,613 - INFO - Expert system analysis completed - Severity: moderate
2025-05-15 15:58:06,613 - INFO - Expert system analysis completed - Severity: moderate
2025-05-15 15:58:06,613 - INFO - Expert system analysis completed - Severity: moderate
2025-05-15 15:58:06,613 - INFO - Expert system analysis completed - Severity: normal
2025-05-15 15:58:06,613 - INFO - Expert system analysis completed - Severity: normal
2025-05-15 15:58:06,614 - INFO - Expert system analysis completed - Severity: normal
2025-05-15 15:58:06,614 - INFO - Expert system analysis completed - Severity: normal
2025-05-15 15:58:06,614 - INFO - Expert system analysis completed - Severity: moderate
2025-05-15 15:58:06,614 - INFO - Expert system analysis completed - Severity: moderate
2025-05-15 15:58:06,614 - INFO - Expert system analysis completed - Severity: moderate
2025-05-15 15:58:06,614 - INFO - Expert system analysis completed - Severity: moderate
2025-05-15 15:58:06,614 - INFO - Expert system analysis completed - Severity: moderate
2025-05-15 15:58:06,614 - INFO - Expert system analysis completed - Severity: moderate
2025-05-15 15:58:06,614 - INFO - Expert system analysis completed - Severity: moderate
2025-05-15 15:58:06,614 - INFO - Expert system analysis completed - Severity: moderate
2025-05-15 15:58:06,614 - INFO - Expert system analysis completed - Severity: moderate
2025-05-15 15:58:06,614 - INFO - Expert system analysis completed - Severity: moderate
2025-05-15 15:58:06,614 - INFO - Expert system analysis completed - Severity: high
2025-05-15 15:58:06,614 - INFO - Expert system analysis completed - Severity: normal
2025-05-15 15:58:06,614 - INFO - Expert system analysis completed - Severity: normal
2025-05-15 15:58:06,614 - INFO - Expert system analysis completed - Severity: normal
2025-05-15 15:58:06,615 - INFO - Expert system analysis completed - Severity: high
2025-05-15 15:58:06,615 - INFO - Expert system analysis completed - Severity: normal
2025-05-15 15:58:06,615 - INFO - Expert system analysis completed - Severity: high
2025-05-15 15:58:06,615 - INFO - Expert system analysis completed - Severity: normal
2025-05-15 15:58:06,615 - INFO - Expert system analysis completed - Severity: normal
2025-05-15 15:58:06,615 - INFO - Expert system analysis completed - Severity: moderate
2025-05-15 15:58:06,615 - INFO - Expert system analysis completed - Severity: moderate
2025-05-15 15:58:06,615 - INFO - Expert system analysis completed - Severity: normal
2025-05-15 15:58:06,615 - INFO - Expert system analysis completed - Severity: normal
2025-05-15 15:58:06,615 - INFO - Expert system analysis completed - Severity: normal
2025-05-15 15:58:06,615 - INFO - Expert system analysis completed - Severity: normal
2025-05-15 15:58:06,615 - INFO - Expert system analysis completed - Severity: normal
2025-05-15 15:58:06,615 - INFO - Expert system analysis completed - Severity: normal
2025-05-15 15:58:06,615 - INFO - Expert system analysis completed - Severity: normal
2025-05-15 15:58:06,615 - INFO - Expert system analysis completed - Severity: normal
2025-05-15 15:58:06,615 - INFO - Expert system analysis completed - Severity: moderate
2025-05-15 15:58:06,616 - INFO - Expert system analysis completed - Severity: moderate
2025-05-15 15:58:06,616 - INFO - Expert system analysis completed - Severity: normal
2025-05-15 15:58:06,616 - INFO - Expert system analysis completed - Severity: normal
2025-05-15 15:58:06,616 - INFO - Expert system analysis completed - Severity: normal
2025-05-15 15:58:06,616 - INFO - Expert system analysis completed - Severity: normal
2025-05-15 15:58:06,616 - INFO - Expert system analysis completed - Severity: normal
2025-05-15 15:58:06,616 - INFO - Expert system analysis completed - Severity: normal
2025-05-15 15:58:06,616 - INFO - Expert system analysis completed - Severity: normal
2025-05-15 15:58:06,616 - INFO - Expert system analysis completed - Severity: normal
2025-05-15 15:58:06,616 - INFO - Expert system analysis completed - Severity: high
2025-05-15 15:58:06,616 - INFO - Expert system analysis completed - Severity: normal
2025-05-15 15:58:06,616 - INFO - Expert system analysis completed - Severity: normal
2025-05-15 15:58:06,616 - INFO - Expert system analysis completed - Severity: normal
2025-05-15 15:58:06,616 - INFO - Simulation completed successfully: {'total_patients': 32, 'patients_seen': 26, 'certificates_issued': 26, 'average_wait_time': 25.51301602682168, 'certificate_issuance_rate': 100.0, 'simulation_duration_hours': 8, 'num_doctors': 2, 'num_nurses': 3, 'nurse_decisions': {'refer': 4, 'treat': 27}, 'doctor_decisions': {'issue': 26, 'deny': 0}}
2025-05-15 16:01:42,056 - INFO - Expert system analysis completed - Severity: normal
2025-05-15 16:01:42,056 - INFO - Expert system analysis completed - Severity: normal
2025-05-15 16:01:42,056 - INFO - Expert system analysis completed - Severity: moderate
2025-05-15 16:01:42,056 - INFO - Expert system analysis completed - Severity: moderate
2025-05-15 16:01:42,056 - INFO - Expert system analysis completed - Severity: moderate
2025-05-15 16:01:42,056 - INFO - Expert system analysis completed - Severity: moderate
2025-05-15 16:01:42,057 - INFO - Expert system analysis completed - Severity: moderate
2025-05-15 16:01:42,057 - INFO - Expert system analysis completed - Severity: moderate
2025-05-15 16:01:42,057 - INFO - Expert system analysis completed - Severity: normal
2025-05-15 16:01:42,057 - INFO - Expert system analysis completed - Severity: normal
2025-05-15 16:01:42,057 - INFO - Expert system analysis completed - Severity: normal
2025-05-15 16:01:42,057 - INFO - Expert system analysis completed - Severity: normal
2025-05-15 16:01:42,057 - INFO - Expert system analysis completed - Severity: normal
2025-05-15 16:01:42,057 - INFO - Expert system analysis completed - Severity: normal
2025-05-15 16:01:42,057 - INFO - Expert system analysis completed - Severity: moderate
2025-05-15 16:01:42,057 - INFO - Expert system analysis completed - Severity: moderate
2025-05-15 16:01:42,057 - INFO - Expert system analysis completed - Severity: normal
2025-05-15 16:01:42,058 - INFO - Expert system analysis completed - Severity: normal
2025-05-15 16:01:42,058 - INFO - Expert system analysis completed - Severity: normal
2025-05-15 16:01:42,058 - INFO - Expert system analysis completed - Severity: normal
2025-05-15 16:01:42,058 - INFO - Expert system analysis completed - Severity: normal
2025-05-15 16:01:42,058 - INFO - Expert system analysis completed - Severity: normal
2025-05-15 16:01:42,058 - INFO - Expert system analysis completed - Severity: normal
2025-05-15 16:01:42,058 - INFO - Expert system analysis completed - Severity: normal
2025-05-15 16:01:42,058 - INFO - Expert system analysis completed - Severity: normal
2025-05-15 16:01:42,058 - INFO - Expert system analysis completed - Severity: normal
2025-05-15 16:01:42,058 - INFO - Expert system analysis completed - Severity: normal
2025-05-15 16:01:42,059 - INFO - Expert system analysis completed - Severity: normal
2025-05-15 16:01:42,059 - INFO - Expert system analysis completed - Severity: high
2025-05-15 16:01:42,059 - INFO - Expert system analysis completed - Severity: normal
2025-05-15 16:01:42,059 - INFO - Expert system analysis completed - Severity: normal
2025-05-15 16:01:42,059 - INFO - Expert system analysis completed - Severity: normal
2025-05-15 16:01:42,059 - INFO - Expert system analysis completed - Severity: normal
2025-05-15 16:01:42,059 - INFO - Expert system analysis completed - Severity: high
2025-05-15 16:01:42,059 - INFO - Expert system analysis completed - Severity: normal
2025-05-15 16:01:42,059 - INFO - Expert system analysis completed - Severity: normal
2025-05-15 16:01:42,059 - INFO - Expert system analysis completed - Severity: moderate
2025-05-15 16:01:42,060 - INFO - Expert system analysis completed - Severity: moderate
2025-05-15 16:01:42,060 - INFO - Expert system analysis completed - Severity: moderate
2025-05-15 16:01:42,060 - INFO - Expert system analysis completed - Severity: moderate
2025-05-15 16:01:42,060 - INFO - Expert system analysis completed - Severity: moderate
2025-05-15 16:01:42,060 - INFO - Expert system analysis completed - Severity: moderate
2025-05-15 16:01:42,060 - INFO - Expert system analysis completed - Severity: normal
2025-05-15 16:01:42,060 - INFO - Expert system analysis completed - Severity: normal
2025-05-15 16:01:42,060 - INFO - Expert system analysis completed - Severity: normal
2025-05-15 16:01:42,060 - INFO - Expert system analysis completed - Severity: normal
2025-05-15 16:01:42,060 - INFO - Expert system analysis completed - Severity: normal
2025-05-15 16:01:42,060 - INFO - Expert system analysis completed - Severity: normal
2025-05-15 16:01:42,061 - INFO - Expert system analysis completed - Severity: high
2025-05-15 16:01:42,061 - INFO - Expert system analysis completed - Severity: normal
2025-05-15 16:01:42,061 - INFO - Expert system analysis completed - Severity: normal
2025-05-15 16:01:42,061 - INFO - Expert system analysis completed - Severity: moderate
2025-05-15 16:01:42,061 - INFO - Expert system analysis completed - Severity: moderate
2025-05-15 16:01:42,061 - INFO - Expert system analysis completed - Severity: normal
2025-05-15 16:01:42,061 - INFO - Expert system analysis completed - Severity: normal
2025-05-15 16:01:42,061 - INFO - Expert system analysis completed - Severity: moderate
2025-05-15 16:01:42,061 - INFO - Expert system analysis completed - Severity: moderate
2025-05-15 16:01:42,061 - INFO - Expert system analysis completed - Severity: normal
2025-05-15 16:01:42,061 - INFO - Simulation completed successfully: {'total_patients': 31, 'patients_seen': 26, 'certificates_issued': 26, 'average_wait_time': 23.922457575554567, 'certificate_issuance_rate': 100.0, 'simulation_duration_hours': 8, 'num_doctors': 2, 'num_nurses': 3, 'nurse_decisions': {'refer': 3, 'treat': 27}, 'doctor_decisions': {'issue': 26, 'deny': 0}}
2025-05-15 16:02:14,752 - INFO - Expert system analysis completed - Severity: normal
2025-05-15 16:02:14,752 - INFO - Expert system analysis completed - Severity: normal
2025-05-15 16:02:14,752 - INFO - Expert system analysis completed - Severity: normal
2025-05-15 16:02:14,752 - INFO - Expert system analysis completed - Severity: normal
2025-05-15 16:02:14,752 - INFO - Expert system analysis completed - Severity: moderate
2025-05-15 16:02:14,752 - INFO - Expert system analysis completed - Severity: moderate
2025-05-15 16:02:14,752 - INFO - Expert system analysis completed - Severity: normal
2025-05-15 16:02:14,752 - INFO - Expert system analysis completed - Severity: normal
2025-05-15 16:02:14,752 - INFO - Expert system analysis completed - Severity: normal
2025-05-15 16:02:14,753 - INFO - Expert system analysis completed - Severity: moderate
2025-05-15 16:02:14,753 - INFO - Expert system analysis completed - Severity: normal
2025-05-15 16:02:14,753 - INFO - Expert system analysis completed - Severity: normal
2025-05-15 16:02:14,753 - INFO - Expert system analysis completed - Severity: normal
2025-05-15 16:02:14,753 - INFO - Expert system analysis completed - Severity: moderate
2025-05-15 16:02:14,753 - INFO - Expert system analysis completed - Severity: normal
2025-05-15 16:02:14,753 - INFO - Expert system analysis completed - Severity: normal
2025-05-15 16:02:14,753 - INFO - Expert system analysis completed - Severity: normal
2025-05-15 16:02:14,753 - INFO - Expert system analysis completed - Severity: normal
2025-05-15 16:02:14,754 - INFO - Expert system analysis completed - Severity: normal
2025-05-15 16:02:14,754 - INFO - Expert system analysis completed - Severity: normal
2025-05-15 16:02:14,754 - INFO - Expert system analysis completed - Severity: normal
2025-05-15 16:02:14,754 - INFO - Expert system analysis completed - Severity: normal
2025-05-15 16:02:14,754 - INFO - Expert system analysis completed - Severity: normal
2025-05-15 16:02:14,754 - INFO - Expert system analysis completed - Severity: normal
2025-05-15 16:02:14,754 - INFO - Expert system analysis completed - Severity: normal
2025-05-15 16:02:14,754 - INFO - Expert system analysis completed - Severity: normal
2025-05-15 16:02:14,754 - INFO - Expert system analysis completed - Severity: normal
2025-05-15 16:02:14,754 - INFO - Expert system analysis completed - Severity: high
2025-05-15 16:02:14,754 - INFO - Expert system analysis completed - Severity: normal
2025-05-15 16:02:14,755 - INFO - Expert system analysis completed - Severity: normal
2025-05-15 16:02:14,755 - INFO - Expert system analysis completed - Severity: normal
2025-05-15 16:02:14,755 - INFO - Expert system analysis completed - Severity: normal
2025-05-15 16:02:14,755 - INFO - Expert system analysis completed - Severity: normal
2025-05-15 16:02:14,755 - INFO - Expert system analysis completed - Severity: high
2025-05-15 16:02:14,755 - INFO - Expert system analysis completed - Severity: moderate
2025-05-15 16:02:14,755 - INFO - Expert system analysis completed - Severity: normal
2025-05-15 16:02:14,755 - INFO - Expert system analysis completed - Severity: high
2025-05-15 16:02:14,755 - INFO - Expert system analysis completed - Severity: normal
2025-05-15 16:02:14,755 - INFO - Expert system analysis completed - Severity: normal
2025-05-15 16:02:14,755 - INFO - Expert system analysis completed - Severity: normal
2025-05-15 16:02:14,756 - INFO - Expert system analysis completed - Severity: moderate
2025-05-15 16:02:14,756 - INFO - Expert system analysis completed - Severity: normal
2025-05-15 16:02:14,756 - INFO - Expert system analysis completed - Severity: normal
2025-05-15 16:02:14,756 - INFO - Expert system analysis completed - Severity: normal
2025-05-15 16:02:14,756 - INFO - Expert system analysis completed - Severity: normal
2025-05-15 16:02:14,756 - INFO - Expert system analysis completed - Severity: normal
2025-05-15 16:02:14,756 - INFO - Expert system analysis completed - Severity: normal
2025-05-15 16:02:14,756 - INFO - Expert system analysis completed - Severity: normal
2025-05-15 16:02:14,756 - INFO - Expert system analysis completed - Severity: normal
2025-05-15 16:02:14,756 - INFO - Expert system analysis completed - Severity: normal
2025-05-15 16:02:14,757 - INFO - Expert system analysis completed - Severity: normal
2025-05-15 16:02:14,757 - INFO - Expert system analysis completed - Severity: normal
2025-05-15 16:02:14,757 - INFO - Expert system analysis completed - Severity: normal
2025-05-15 16:02:14,757 - INFO - Expert system analysis completed - Severity: normal
2025-05-15 16:02:14,757 - INFO - Expert system analysis completed - Severity: normal
2025-05-15 16:02:14,757 - INFO - Expert system analysis completed - Severity: normal
2025-05-15 16:02:14,757 - INFO - Expert system analysis completed - Severity: normal
2025-05-15 16:02:14,757 - INFO - Expert system analysis completed - Severity: normal
2025-05-15 16:02:14,757 - INFO - Expert system analysis completed - Severity: moderate
2025-05-15 16:02:14,757 - INFO - Expert system analysis completed - Severity: normal
2025-05-15 16:02:14,757 - INFO - Simulation completed successfully: {'total_patients': 32, 'patients_seen': 27, 'certificates_issued': 27, 'average_wait_time': 48.851461893357204, 'certificate_issuance_rate': 100.0, 'simulation_duration_hours': 8, 'num_doctors': 1, 'num_nurses': 3, 'nurse_decisions': {'refer': 3, 'treat': 29}, 'doctor_decisions': {'issue': 27, 'deny': 0}}
2025-05-15 16:02:16,934 - INFO - Expert system analysis completed - Severity: high
2025-05-15 16:02:16,934 - INFO - Expert system analysis completed - Severity: normal
2025-05-15 16:02:16,934 - INFO - Expert system analysis completed - Severity: normal
2025-05-15 16:02:16,934 - INFO - Expert system analysis completed - Severity: normal
2025-05-15 16:02:16,934 - INFO - Expert system analysis completed - Severity: normal
2025-05-15 16:02:16,934 - INFO - Expert system analysis completed - Severity: normal
2025-05-15 16:02:16,934 - INFO - Expert system analysis completed - Severity: moderate
2025-05-15 16:02:16,934 - INFO - Expert system analysis completed - Severity: normal
2025-05-15 16:02:16,935 - INFO - Expert system analysis completed - Severity: normal
2025-05-15 16:02:16,935 - INFO - Expert system analysis completed - Severity: moderate
2025-05-15 16:02:16,935 - INFO - Expert system analysis completed - Severity: normal
2025-05-15 16:02:16,935 - INFO - Expert system analysis completed - Severity: normal
2025-05-15 16:02:16,935 - INFO - Expert system analysis completed - Severity: normal
2025-05-15 16:02:16,935 - INFO - Expert system analysis completed - Severity: normal
2025-05-15 16:02:16,935 - INFO - Expert system analysis completed - Severity: normal
2025-05-15 16:02:16,935 - INFO - Expert system analysis completed - Severity: normal
2025-05-15 16:02:16,935 - INFO - Expert system analysis completed - Severity: normal
2025-05-15 16:02:16,935 - INFO - Expert system analysis completed - Severity: normal
2025-05-15 16:02:16,935 - INFO - Expert system analysis completed - Severity: normal
2025-05-15 16:02:16,936 - INFO - Expert system analysis completed - Severity: normal
2025-05-15 16:02:16,936 - INFO - Expert system analysis completed - Severity: normal
2025-05-15 16:02:16,936 - INFO - Expert system analysis completed - Severity: normal
2025-05-15 16:02:16,936 - INFO - Expert system analysis completed - Severity: normal
2025-05-15 16:02:16,936 - INFO - Expert system analysis completed - Severity: normal
2025-05-15 16:02:16,936 - INFO - Expert system analysis completed - Severity: normal
2025-05-15 16:02:16,936 - INFO - Expert system analysis completed - Severity: normal
2025-05-15 16:02:16,936 - INFO - Expert system analysis completed - Severity: normal
2025-05-15 16:02:16,936 - INFO - Expert system analysis completed - Severity: normal
2025-05-15 16:02:16,936 - INFO - Expert system analysis completed - Severity: normal
2025-05-15 16:02:16,937 - INFO - Expert system analysis completed - Severity: high
2025-05-15 16:02:16,937 - INFO - Expert system analysis completed - Severity: normal
2025-05-15 16:02:16,937 - INFO - Expert system analysis completed - Severity: normal
2025-05-15 16:02:16,937 - INFO - Expert system analysis completed - Severity: normal
2025-05-15 16:02:16,937 - INFO - Expert system analysis completed - Severity: normal
2025-05-15 16:02:16,937 - INFO - Expert system analysis completed - Severity: normal
2025-05-15 16:02:16,937 - INFO - Expert system analysis completed - Severity: normal
2025-05-15 16:02:16,937 - INFO - Expert system analysis completed - Severity: normal
2025-05-15 16:02:16,937 - INFO - Expert system analysis completed - Severity: normal
2025-05-15 16:02:16,937 - INFO - Expert system analysis completed - Severity: normal
2025-05-15 16:02:16,937 - INFO - Expert system analysis completed - Severity: normal
2025-05-15 16:02:16,938 - INFO - Expert system analysis completed - Severity: normal
2025-05-15 16:02:16,938 - INFO - Expert system analysis completed - Severity: normal
2025-05-15 16:02:16,938 - INFO - Expert system analysis completed - Severity: normal
2025-05-15 16:02:16,938 - INFO - Expert system analysis completed - Severity: normal
2025-05-15 16:02:16,938 - INFO - Expert system analysis completed - Severity: normal
2025-05-15 16:02:16,938 - INFO - Expert system analysis completed - Severity: normal
2025-05-15 16:02:16,938 - INFO - Expert system analysis completed - Severity: normal
2025-05-15 16:02:16,938 - INFO - Expert system analysis completed - Severity: normal
2025-05-15 16:02:16,938 - INFO - Expert system analysis completed - Severity: moderate
2025-05-15 16:02:16,938 - INFO - Expert system analysis completed - Severity: moderate
2025-05-15 16:02:16,938 - INFO - Expert system analysis completed - Severity: moderate
2025-05-15 16:02:16,939 - INFO - Expert system analysis completed - Severity: moderate
2025-05-15 16:02:16,939 - INFO - Expert system analysis completed - Severity: moderate
2025-05-15 16:02:16,939 - INFO - Expert system analysis completed - Severity: normal
2025-05-15 16:02:16,939 - INFO - Expert system analysis completed - Severity: moderate
2025-05-15 16:02:16,939 - INFO - Expert system analysis completed - Severity: moderate
2025-05-15 16:02:16,939 - INFO - Expert system analysis completed - Severity: normal
2025-05-15 16:02:16,939 - INFO - Expert system analysis completed - Severity: normal
2025-05-15 16:02:16,939 - INFO - Expert system analysis completed - Severity: moderate
2025-05-15 16:02:16,939 - INFO - Expert system analysis completed - Severity: normal
2025-05-15 16:02:16,939 - INFO - Simulation completed successfully: {'total_patients': 32, 'patients_seen': 27, 'certificates_issued': 27, 'average_wait_time': 32.75085162377084, 'certificate_issuance_rate': 100.0, 'simulation_duration_hours': 8, 'num_doctors': 1, 'num_nurses': 3, 'nurse_decisions': {'refer': 2, 'treat': 29}, 'doctor_decisions': {'issue': 27, 'deny': 0}}
2025-05-15 16:02:17,856 - INFO - Expert system analysis completed - Severity: high
2025-05-15 16:02:17,856 - INFO - Expert system analysis completed - Severity: normal
2025-05-15 16:02:17,856 - INFO - Expert system analysis completed - Severity: normal
2025-05-15 16:02:17,856 - INFO - Expert system analysis completed - Severity: normal
2025-05-15 16:02:17,856 - INFO - Expert system analysis completed - Severity: normal
2025-05-15 16:02:17,856 - INFO - Expert system analysis completed - Severity: moderate
2025-05-15 16:02:17,856 - INFO - Expert system analysis completed - Severity: moderate
2025-05-15 16:02:17,856 - INFO - Expert system analysis completed - Severity: high
2025-05-15 16:02:17,856 - INFO - Expert system analysis completed - Severity: normal
2025-05-15 16:02:17,857 - INFO - Expert system analysis completed - Severity: normal
2025-05-15 16:02:17,857 - INFO - Expert system analysis completed - Severity: normal
2025-05-15 16:02:17,857 - INFO - Expert system analysis completed - Severity: normal
2025-05-15 16:02:17,857 - INFO - Expert system analysis completed - Severity: normal
2025-05-15 16:02:17,857 - INFO - Expert system analysis completed - Severity: moderate
2025-05-15 16:02:17,857 - INFO - Expert system analysis completed - Severity: high
2025-05-15 16:02:17,857 - INFO - Expert system analysis completed - Severity: normal
2025-05-15 16:02:17,857 - INFO - Expert system analysis completed - Severity: normal
2025-05-15 16:02:17,857 - INFO - Expert system analysis completed - Severity: moderate
2025-05-15 16:02:17,857 - INFO - Expert system analysis completed - Severity: moderate
2025-05-15 16:02:17,857 - INFO - Expert system analysis completed - Severity: normal
2025-05-15 16:02:17,858 - INFO - Expert system analysis completed - Severity: moderate
2025-05-15 16:02:17,858 - INFO - Expert system analysis completed - Severity: normal
2025-05-15 16:02:17,858 - INFO - Expert system analysis completed - Severity: normal
2025-05-15 16:02:17,858 - INFO - Expert system analysis completed - Severity: moderate
2025-05-15 16:02:17,858 - INFO - Expert system analysis completed - Severity: moderate
2025-05-15 16:02:17,858 - INFO - Expert system analysis completed - Severity: moderate
2025-05-15 16:02:17,858 - INFO - Expert system analysis completed - Severity: normal
2025-05-15 16:02:17,858 - INFO - Expert system analysis completed - Severity: moderate
2025-05-15 16:02:17,858 - INFO - Expert system analysis completed - Severity: moderate
2025-05-15 16:02:17,858 - INFO - Expert system analysis completed - Severity: normal
2025-05-15 16:02:17,859 - INFO - Expert system analysis completed - Severity: moderate
2025-05-15 16:02:17,859 - INFO - Expert system analysis completed - Severity: moderate
2025-05-15 16:02:17,859 - INFO - Expert system analysis completed - Severity: moderate
2025-05-15 16:02:17,859 - INFO - Expert system analysis completed - Severity: high
2025-05-15 16:02:17,859 - INFO - Expert system analysis completed - Severity: moderate
2025-05-15 16:02:17,859 - INFO - Expert system analysis completed - Severity: normal
2025-05-15 16:02:17,859 - INFO - Expert system analysis completed - Severity: moderate
2025-05-15 16:02:17,859 - INFO - Expert system analysis completed - Severity: normal
2025-05-15 16:02:17,859 - INFO - Expert system analysis completed - Severity: normal
2025-05-15 16:02:17,859 - INFO - Expert system analysis completed - Severity: moderate
2025-05-15 16:02:17,860 - INFO - Expert system analysis completed - Severity: normal
2025-05-15 16:02:17,860 - INFO - Expert system analysis completed - Severity: moderate
2025-05-15 16:02:17,860 - INFO - Expert system analysis completed - Severity: moderate
2025-05-15 16:02:17,860 - INFO - Expert system analysis completed - Severity: high
2025-05-15 16:02:17,860 - INFO - Expert system analysis completed - Severity: moderate
2025-05-15 16:02:17,860 - INFO - Expert system analysis completed - Severity: normal
2025-05-15 16:02:17,860 - INFO - Expert system analysis completed - Severity: normal
2025-05-15 16:02:17,860 - INFO - Expert system analysis completed - Severity: normal
2025-05-15 16:02:17,860 - INFO - Expert system analysis completed - Severity: normal
2025-05-15 16:02:17,860 - INFO - Expert system analysis completed - Severity: normal
2025-05-15 16:02:17,860 - INFO - Expert system analysis completed - Severity: normal
2025-05-15 16:02:17,861 - INFO - Expert system analysis completed - Severity: normal
2025-05-15 16:02:17,861 - INFO - Expert system analysis completed - Severity: moderate
2025-05-15 16:02:17,861 - INFO - Expert system analysis completed - Severity: normal
2025-05-15 16:02:17,861 - INFO - Expert system analysis completed - Severity: normal
2025-05-15 16:02:17,861 - INFO - Expert system analysis completed - Severity: moderate
2025-05-15 16:02:17,861 - INFO - Expert system analysis completed - Severity: high
2025-05-15 16:02:17,861 - INFO - Expert system analysis completed - Severity: normal
2025-05-15 16:02:17,861 - INFO - Expert system analysis completed - Severity: normal
2025-05-15 16:02:17,861 - INFO - Expert system analysis completed - Severity: normal
2025-05-15 16:02:17,861 - INFO - Simulation completed successfully: {'total_patients': 34, 'patients_seen': 25, 'certificates_issued': 25, 'average_wait_time': 35.21513156103291, 'certificate_issuance_rate': 100.0, 'simulation_duration_hours': 8, 'num_doctors': 1, 'num_nurses': 3, 'nurse_decisions': {'refer': 6, 'treat': 27}, 'doctor_decisions': {'issue': 25, 'deny': 0}}
2025-05-15 16:02:22,407 - INFO - Expert system analysis completed - Severity: normal
2025-05-15 16:02:22,407 - INFO - Expert system analysis completed - Severity: normal
2025-05-15 16:02:22,407 - INFO - Expert system analysis completed - Severity: moderate
2025-05-15 16:02:22,407 - INFO - Expert system analysis completed - Severity: moderate
2025-05-15 16:02:22,407 - INFO - Expert system analysis completed - Severity: moderate
2025-05-15 16:02:22,407 - INFO - Expert system analysis completed - Severity: moderate
2025-05-15 16:02:22,407 - INFO - Expert system analysis completed - Severity: normal
2025-05-15 16:02:22,407 - INFO - Expert system analysis completed - Severity: normal
2025-05-15 16:02:22,407 - INFO - Expert system analysis completed - Severity: normal
2025-05-15 16:02:22,408 - INFO - Expert system analysis completed - Severity: normal
2025-05-15 16:02:22,408 - INFO - Expert system analysis completed - Severity: normal
2025-05-15 16:02:22,408 - INFO - Expert system analysis completed - Severity: normal
2025-05-15 16:02:22,408 - INFO - Expert system analysis completed - Severity: normal
2025-05-15 16:02:22,408 - INFO - Expert system analysis completed - Severity: normal
2025-05-15 16:02:22,408 - INFO - Expert system analysis completed - Severity: normal
2025-05-15 16:02:22,408 - INFO - Expert system analysis completed - Severity: normal
2025-05-15 16:02:22,408 - INFO - Expert system analysis completed - Severity: normal
2025-05-15 16:02:22,408 - INFO - Expert system analysis completed - Severity: normal
2025-05-15 16:02:22,408 - INFO - Expert system analysis completed - Severity: normal
2025-05-15 16:02:22,409 - INFO - Expert system analysis completed - Severity: normal
2025-05-15 16:02:22,409 - INFO - Expert system analysis completed - Severity: moderate
2025-05-15 16:02:22,409 - INFO - Expert system analysis completed - Severity: moderate
2025-05-15 16:02:22,409 - INFO - Expert system analysis completed - Severity: normal
2025-05-15 16:02:22,409 - INFO - Expert system analysis completed - Severity: normal
2025-05-15 16:02:22,409 - INFO - Expert system analysis completed - Severity: normal
2025-05-15 16:02:22,409 - INFO - Expert system analysis completed - Severity: normal
2025-05-15 16:02:22,409 - INFO - Expert system analysis completed - Severity: normal
2025-05-15 16:02:22,409 - INFO - Expert system analysis completed - Severity: normal
2025-05-15 16:02:22,409 - INFO - Expert system analysis completed - Severity: normal
2025-05-15 16:02:22,409 - INFO - Expert system analysis completed - Severity: normal
2025-05-15 16:02:22,410 - INFO - Expert system analysis completed - Severity: normal
2025-05-15 16:02:22,410 - INFO - Expert system analysis completed - Severity: normal
2025-05-15 16:02:22,410 - INFO - Expert system analysis completed - Severity: moderate
2025-05-15 16:02:22,410 - INFO - Expert system analysis completed - Severity: high
2025-05-15 16:02:22,410 - INFO - Expert system analysis completed - Severity: moderate
2025-05-15 16:02:22,410 - INFO - Expert system analysis completed - Severity: moderate
2025-05-15 16:02:22,410 - INFO - Expert system analysis completed - Severity: moderate
2025-05-15 16:02:22,410 - INFO - Expert system analysis completed - Severity: normal
2025-05-15 16:02:22,410 - INFO - Expert system analysis completed - Severity: normal
2025-05-15 16:02:22,410 - INFO - Expert system analysis completed - Severity: moderate
2025-05-15 16:02:22,410 - INFO - Expert system analysis completed - Severity: moderate
2025-05-15 16:02:22,411 - INFO - Expert system analysis completed - Severity: moderate
2025-05-15 16:02:22,411 - INFO - Expert system analysis completed - Severity: moderate
2025-05-15 16:02:22,411 - INFO - Expert system analysis completed - Severity: normal
2025-05-15 16:02:22,411 - INFO - Expert system analysis completed - Severity: normal
2025-05-15 16:02:22,411 - INFO - Expert system analysis completed - Severity: normal
2025-05-15 16:02:22,411 - INFO - Expert system analysis completed - Severity: normal
2025-05-15 16:02:22,411 - INFO - Expert system analysis completed - Severity: normal
2025-05-15 16:02:22,411 - INFO - Expert system analysis completed - Severity: normal
2025-05-15 16:02:22,411 - INFO - Expert system analysis completed - Severity: normal
2025-05-15 16:02:22,411 - INFO - Expert system analysis completed - Severity: normal
2025-05-15 16:02:22,411 - INFO - Expert system analysis completed - Severity: normal
2025-05-15 16:02:22,412 - INFO - Expert system analysis completed - Severity: normal
2025-05-15 16:02:22,412 - INFO - Expert system analysis completed - Severity: normal
2025-05-15 16:02:22,412 - INFO - Expert system analysis completed - Severity: normal
2025-05-15 16:02:22,412 - INFO - Expert system analysis completed - Severity: normal
2025-05-15 16:02:22,412 - INFO - Expert system analysis completed - Severity: normal
2025-05-15 16:02:22,412 - INFO - Expert system analysis completed - Severity: normal
2025-05-15 16:02:22,412 - INFO - Expert system analysis completed - Severity: normal
2025-05-15 16:02:22,412 - INFO - Expert system analysis completed - Severity: normal
2025-05-15 16:02:22,412 - INFO - Expert system analysis completed - Severity: normal
2025-05-15 16:02:22,412 - INFO - Expert system analysis completed - Severity: moderate
2025-05-15 16:02:22,412 - INFO - Expert system analysis completed - Severity: moderate
2025-05-15 16:02:22,412 - INFO - Simulation completed successfully: {'total_patients': 32, 'patients_seen': 30, 'certificates_issued': 30, 'average_wait_time': 26.4509976804178, 'certificate_issuance_rate': 100.0, 'simulation_duration_hours': 8, 'num_doctors': 2, 'num_nurses': 3, 'nurse_decisions': {'refer': 1, 'treat': 31}, 'doctor_decisions': {'issue': 30, 'deny': 0}}
2025-05-15 16:02:24,425 - INFO - Expert system analysis completed - Severity: moderate
2025-05-15 16:02:24,425 - INFO - Expert system analysis completed - Severity: moderate
2025-05-15 16:02:24,425 - INFO - Expert system analysis completed - Severity: normal
2025-05-15 16:02:24,425 - INFO - Expert system analysis completed - Severity: normal
2025-05-15 16:02:24,425 - INFO - Expert system analysis completed - Severity: normal
2025-05-15 16:02:24,425 - INFO - Expert system analysis completed - Severity: normal
2025-05-15 16:02:24,425 - INFO - Expert system analysis completed - Severity: moderate
2025-05-15 16:02:24,425 - INFO - Expert system analysis completed - Severity: moderate
2025-05-15 16:02:24,425 - INFO - Expert system analysis completed - Severity: normal
2025-05-15 16:02:24,426 - INFO - Expert system analysis completed - Severity: normal
2025-05-15 16:02:24,426 - INFO - Expert system analysis completed - Severity: normal
2025-05-15 16:02:24,426 - INFO - Expert system analysis completed - Severity: normal
2025-05-15 16:02:24,426 - INFO - Expert system analysis completed - Severity: normal
2025-05-15 16:02:24,426 - INFO - Expert system analysis completed - Severity: normal
2025-05-15 16:02:24,426 - INFO - Expert system analysis completed - Severity: normal
2025-05-15 16:02:24,426 - INFO - Expert system analysis completed - Severity: normal
2025-05-15 16:02:24,426 - INFO - Expert system analysis completed - Severity: normal
2025-05-15 16:02:24,426 - INFO - Expert system analysis completed - Severity: normal
2025-05-15 16:02:24,426 - INFO - Expert system analysis completed - Severity: normal
2025-05-15 16:02:24,426 - INFO - Expert system analysis completed - Severity: normal
2025-05-15 16:02:24,427 - INFO - Expert system analysis completed - Severity: normal
2025-05-15 16:02:24,427 - INFO - Expert system analysis completed - Severity: normal
2025-05-15 16:02:24,427 - INFO - Expert system analysis completed - Severity: normal
2025-05-15 16:02:24,427 - INFO - Expert system analysis completed - Severity: normal
2025-05-15 16:02:24,427 - INFO - Expert system analysis completed - Severity: normal
2025-05-15 16:02:24,427 - INFO - Expert system analysis completed - Severity: normal
2025-05-15 16:02:24,427 - INFO - Expert system analysis completed - Severity: normal
2025-05-15 16:02:24,427 - INFO - Expert system analysis completed - Severity: normal
2025-05-15 16:02:24,427 - INFO - Expert system analysis completed - Severity: normal
2025-05-15 16:02:24,427 - INFO - Expert system analysis completed - Severity: normal
2025-05-15 16:02:24,427 - INFO - Expert system analysis completed - Severity: normal
2025-05-15 16:02:24,428 - INFO - Expert system analysis completed - Severity: normal
2025-05-15 16:02:24,428 - INFO - Expert system analysis completed - Severity: normal
2025-05-15 16:02:24,428 - INFO - Expert system analysis completed - Severity: normal
2025-05-15 16:02:24,428 - INFO - Expert system analysis completed - Severity: normal
2025-05-15 16:02:24,428 - INFO - Expert system analysis completed - Severity: normal
2025-05-15 16:02:24,428 - INFO - Expert system analysis completed - Severity: normal
2025-05-15 16:02:24,428 - INFO - Expert system analysis completed - Severity: normal
2025-05-15 16:02:24,428 - INFO - Expert system analysis completed - Severity: moderate
2025-05-15 16:02:24,428 - INFO - Expert system analysis completed - Severity: moderate
2025-05-15 16:02:24,428 - INFO - Expert system analysis completed - Severity: moderate
2025-05-15 16:02:24,428 - INFO - Expert system analysis completed - Severity: moderate
2025-05-15 16:02:24,429 - INFO - Expert system analysis completed - Severity: normal
2025-05-15 16:02:24,429 - INFO - Expert system analysis completed - Severity: normal
2025-05-15 16:02:24,429 - INFO - Expert system analysis completed - Severity: moderate
2025-05-15 16:02:24,429 - INFO - Expert system analysis completed - Severity: moderate
2025-05-15 16:02:24,429 - INFO - Expert system analysis completed - Severity: normal
2025-05-15 16:02:24,429 - INFO - Expert system analysis completed - Severity: normal
2025-05-15 16:02:24,429 - INFO - Expert system analysis completed - Severity: normal
2025-05-15 16:02:24,429 - INFO - Expert system analysis completed - Severity: normal
2025-05-15 16:02:24,429 - INFO - Expert system analysis completed - Severity: normal
2025-05-15 16:02:24,429 - INFO - Expert system analysis completed - Severity: high
2025-05-15 16:02:24,429 - INFO - Expert system analysis completed - Severity: normal
2025-05-15 16:02:24,430 - INFO - Expert system analysis completed - Severity: normal
2025-05-15 16:02:24,430 - INFO - Expert system analysis completed - Severity: normal
2025-05-15 16:02:24,430 - INFO - Expert system analysis completed - Severity: normal
2025-05-15 16:02:24,430 - INFO - Expert system analysis completed - Severity: normal
2025-05-15 16:02:24,430 - INFO - Expert system analysis completed - Severity: normal
2025-05-15 16:02:24,430 - INFO - Expert system analysis completed - Severity: normal
2025-05-15 16:02:24,430 - INFO - Expert system analysis completed - Severity: normal
2025-05-15 16:02:24,430 - INFO - Expert system analysis completed - Severity: normal
2025-05-15 16:02:24,430 - INFO - Simulation completed successfully: {'total_patients': 31, 'patients_seen': 28, 'certificates_issued': 28, 'average_wait_time': 26.617237794284588, 'certificate_issuance_rate': 100.0, 'simulation_duration_hours': 8, 'num_doctors': 3, 'num_nurses': 3, 'nurse_decisions': {'refer': 1, 'treat': 30}, 'doctor_decisions': {'issue': 28, 'deny': 0}}
2025-05-15 16:02:26,363 - INFO - Expert system analysis completed - Severity: normal
2025-05-15 16:02:26,363 - INFO - Expert system analysis completed - Severity: normal
2025-05-15 16:02:26,363 - INFO - Expert system analysis completed - Severity: normal
2025-05-15 16:02:26,363 - INFO - Expert system analysis completed - Severity: normal
2025-05-15 16:02:26,363 - INFO - Expert system analysis completed - Severity: high
2025-05-15 16:02:26,363 - INFO - Expert system analysis completed - Severity: normal
2025-05-15 16:02:26,363 - INFO - Expert system analysis completed - Severity: normal
2025-05-15 16:02:26,363 - INFO - Expert system analysis completed - Severity: normal
2025-05-15 16:02:26,363 - INFO - Expert system analysis completed - Severity: normal
2025-05-15 16:02:26,364 - INFO - Expert system analysis completed - Severity: normal
2025-05-15 16:02:26,364 - INFO - Expert system analysis completed - Severity: moderate
2025-05-15 16:02:26,364 - INFO - Expert system analysis completed - Severity: normal
2025-05-15 16:02:26,364 - INFO - Expert system analysis completed - Severity: moderate
2025-05-15 16:02:26,364 - INFO - Expert system analysis completed - Severity: moderate
2025-05-15 16:02:26,364 - INFO - Expert system analysis completed - Severity: moderate
2025-05-15 16:02:26,364 - INFO - Expert system analysis completed - Severity: moderate
2025-05-15 16:02:26,364 - INFO - Expert system analysis completed - Severity: moderate
2025-05-15 16:02:26,364 - INFO - Expert system analysis completed - Severity: normal
2025-05-15 16:02:26,364 - INFO - Expert system analysis completed - Severity: normal
2025-05-15 16:02:26,364 - INFO - Expert system analysis completed - Severity: normal
2025-05-15 16:02:26,365 - INFO - Expert system analysis completed - Severity: normal
2025-05-15 16:02:26,365 - INFO - Expert system analysis completed - Severity: normal
2025-05-15 16:02:26,365 - INFO - Expert system analysis completed - Severity: normal
2025-05-15 16:02:26,365 - INFO - Expert system analysis completed - Severity: moderate
2025-05-15 16:02:26,365 - INFO - Expert system analysis completed - Severity: moderate
2025-05-15 16:02:26,365 - INFO - Expert system analysis completed - Severity: normal
2025-05-15 16:02:26,365 - INFO - Expert system analysis completed - Severity: normal
2025-05-15 16:02:26,365 - INFO - Expert system analysis completed - Severity: moderate
2025-05-15 16:02:26,365 - INFO - Expert system analysis completed - Severity: moderate
2025-05-15 16:02:26,365 - INFO - Expert system analysis completed - Severity: normal
2025-05-15 16:02:26,365 - INFO - Expert system analysis completed - Severity: normal
2025-05-15 16:02:26,366 - INFO - Expert system analysis completed - Severity: moderate
2025-05-15 16:02:26,366 - INFO - Expert system analysis completed - Severity: moderate
2025-05-15 16:02:26,366 - INFO - Expert system analysis completed - Severity: high
2025-05-15 16:02:26,366 - INFO - Expert system analysis completed - Severity: normal
2025-05-15 16:02:26,366 - INFO - Expert system analysis completed - Severity: normal
2025-05-15 16:02:26,366 - INFO - Expert system analysis completed - Severity: normal
2025-05-15 16:02:26,366 - INFO - Expert system analysis completed - Severity: normal
2025-05-15 16:02:26,366 - INFO - Expert system analysis completed - Severity: normal
2025-05-15 16:02:26,366 - INFO - Expert system analysis completed - Severity: normal
2025-05-15 16:02:26,366 - INFO - Expert system analysis completed - Severity: normal
2025-05-15 16:02:26,366 - INFO - Expert system analysis completed - Severity: normal
2025-05-15 16:02:26,367 - INFO - Expert system analysis completed - Severity: normal
2025-05-15 16:02:26,367 - INFO - Expert system analysis completed - Severity: normal
2025-05-15 16:02:26,367 - INFO - Expert system analysis completed - Severity: normal
2025-05-15 16:02:26,367 - INFO - Expert system analysis completed - Severity: normal
2025-05-15 16:02:26,367 - INFO - Expert system analysis completed - Severity: normal
2025-05-15 16:02:26,367 - INFO - Expert system analysis completed - Severity: normal
2025-05-15 16:02:26,367 - INFO - Expert system analysis completed - Severity: moderate
2025-05-15 16:02:26,367 - INFO - Expert system analysis completed - Severity: moderate
2025-05-15 16:02:26,367 - INFO - Expert system analysis completed - Severity: normal
2025-05-15 16:02:26,367 - INFO - Expert system analysis completed - Severity: normal
2025-05-15 16:02:26,367 - INFO - Expert system analysis completed - Severity: normal
2025-05-15 16:02:26,367 - INFO - Expert system analysis completed - Severity: normal
2025-05-15 16:02:26,368 - INFO - Expert system analysis completed - Severity: normal
2025-05-15 16:02:26,368 - INFO - Expert system analysis completed - Severity: normal
2025-05-15 16:02:26,368 - INFO - Expert system analysis completed - Severity: normal
2025-05-15 16:02:26,368 - INFO - Simulation completed successfully: {'total_patients': 30, 'patients_seen': 27, 'certificates_issued': 27, 'average_wait_time': 24.178242732457008, 'certificate_issuance_rate': 100.0, 'simulation_duration_hours': 8, 'num_doctors': 4, 'num_nurses': 3, 'nurse_decisions': {'refer': 2, 'treat': 27}, 'doctor_decisions': {'issue': 27, 'deny': 0}}
2025-05-15 16:02:28,995 - INFO - Expert system analysis completed - Severity: normal
2025-05-15 16:02:28,995 - INFO - Expert system analysis completed - Severity: normal
2025-05-15 16:02:28,995 - INFO - Expert system analysis completed - Severity: moderate
2025-05-15 16:02:28,995 - INFO - Expert system analysis completed - Severity: moderate
2025-05-15 16:02:28,995 - INFO - Expert system analysis completed - Severity: normal
2025-05-15 16:02:28,996 - INFO - Expert system analysis completed - Severity: normal
2025-05-15 16:02:28,996 - INFO - Expert system analysis completed - Severity: normal
2025-05-15 16:02:28,996 - INFO - Expert system analysis completed - Severity: normal
2025-05-15 16:02:28,996 - INFO - Expert system analysis completed - Severity: normal
2025-05-15 16:02:28,996 - INFO - Expert system analysis completed - Severity: normal
2025-05-15 16:02:28,996 - INFO - Expert system analysis completed - Severity: normal
2025-05-15 16:02:28,996 - INFO - Expert system analysis completed - Severity: normal
2025-05-15 16:02:28,996 - INFO - Expert system analysis completed - Severity: moderate
2025-05-15 16:02:28,996 - INFO - Expert system analysis completed - Severity: moderate
2025-05-15 16:02:28,996 - INFO - Expert system analysis completed - Severity: normal
2025-05-15 16:02:28,996 - INFO - Expert system analysis completed - Severity: normal
2025-05-15 16:02:28,997 - INFO - Expert system analysis completed - Severity: normal
2025-05-15 16:02:28,997 - INFO - Expert system analysis completed - Severity: normal
2025-05-15 16:02:28,997 - INFO - Expert system analysis completed - Severity: normal
2025-05-15 16:02:28,997 - INFO - Expert system analysis completed - Severity: normal
2025-05-15 16:02:28,997 - INFO - Expert system analysis completed - Severity: normal
2025-05-15 16:02:28,997 - INFO - Expert system analysis completed - Severity: normal
2025-05-15 16:02:28,997 - INFO - Expert system analysis completed - Severity: normal
2025-05-15 16:02:28,997 - INFO - Expert system analysis completed - Severity: moderate
2025-05-15 16:02:28,997 - INFO - Expert system analysis completed - Severity: normal
2025-05-15 16:02:28,997 - INFO - Expert system analysis completed - Severity: moderate
2025-05-15 16:02:28,997 - INFO - Expert system analysis completed - Severity: moderate
2025-05-15 16:02:28,998 - INFO - Expert system analysis completed - Severity: normal
2025-05-15 16:02:28,998 - INFO - Expert system analysis completed - Severity: moderate
2025-05-15 16:02:28,998 - INFO - Expert system analysis completed - Severity: normal
2025-05-15 16:02:28,998 - INFO - Expert system analysis completed - Severity: normal
2025-05-15 16:02:28,998 - INFO - Expert system analysis completed - Severity: normal
2025-05-15 16:02:28,998 - INFO - Expert system analysis completed - Severity: normal
2025-05-15 16:02:28,998 - INFO - Expert system analysis completed - Severity: normal
2025-05-15 16:02:28,998 - INFO - Expert system analysis completed - Severity: normal
2025-05-15 16:02:28,998 - INFO - Expert system analysis completed - Severity: moderate
2025-05-15 16:02:28,998 - INFO - Expert system analysis completed - Severity: normal
2025-05-15 16:02:28,999 - INFO - Expert system analysis completed - Severity: normal
2025-05-15 16:02:28,999 - INFO - Expert system analysis completed - Severity: normal
2025-05-15 16:02:28,999 - INFO - Expert system analysis completed - Severity: moderate
2025-05-15 16:02:28,999 - INFO - Expert system analysis completed - Severity: normal
2025-05-15 16:02:28,999 - INFO - Expert system analysis completed - Severity: normal
2025-05-15 16:02:28,999 - INFO - Expert system analysis completed - Severity: moderate
2025-05-15 16:02:28,999 - INFO - Expert system analysis completed - Severity: normal
2025-05-15 16:02:28,999 - INFO - Expert system analysis completed - Severity: normal
2025-05-15 16:02:28,999 - INFO - Expert system analysis completed - Severity: normal
2025-05-15 16:02:28,999 - INFO - Expert system analysis completed - Severity: normal
2025-05-15 16:02:28,999 - INFO - Expert system analysis completed - Severity: moderate
2025-05-15 16:02:29,000 - INFO - Expert system analysis completed - Severity: normal
2025-05-15 16:02:29,000 - INFO - Expert system analysis completed - Severity: normal
2025-05-15 16:02:29,000 - INFO - Expert system analysis completed - Severity: normal
2025-05-15 16:02:29,000 - INFO - Expert system analysis completed - Severity: normal
2025-05-15 16:02:29,000 - INFO - Expert system analysis completed - Severity: normal
2025-05-15 16:02:29,000 - INFO - Expert system analysis completed - Severity: normal
2025-05-15 16:02:29,000 - INFO - Expert system analysis completed - Severity: high
2025-05-15 16:02:29,000 - INFO - Expert system analysis completed - Severity: normal
2025-05-15 16:02:29,000 - INFO - Expert system analysis completed - Severity: normal
2025-05-15 16:02:29,000 - INFO - Expert system analysis completed - Severity: normal
2025-05-15 16:02:29,001 - INFO - Expert system analysis completed - Severity: normal
2025-05-15 16:02:29,001 - INFO - Simulation completed successfully: {'total_patients': 31, 'patients_seen': 27, 'certificates_issued': 27, 'average_wait_time': 38.955102633347686, 'certificate_issuance_rate': 100.0, 'simulation_duration_hours': 8, 'num_doctors': 1, 'num_nurses': 4, 'nurse_decisions': {'refer': 1, 'treat': 29}, 'doctor_decisions': {'issue': 27, 'deny': 0}}
2025-05-15 16:02:30,114 - INFO - Expert system analysis completed - Severity: normal
2025-05-15 16:02:30,114 - INFO - Expert system analysis completed - Severity: normal
2025-05-15 16:02:30,114 - INFO - Expert system analysis completed - Severity: normal
2025-05-15 16:02:30,114 - INFO - Expert system analysis completed - Severity: normal
2025-05-15 16:02:30,114 - INFO - Expert system analysis completed - Severity: normal
2025-05-15 16:02:30,114 - INFO - Expert system analysis completed - Severity: normal
2025-05-15 16:02:30,114 - INFO - Expert system analysis completed - Severity: normal
2025-05-15 16:02:30,114 - INFO - Expert system analysis completed - Severity: normal
2025-05-15 16:02:30,114 - INFO - Expert system analysis completed - Severity: moderate
2025-05-15 16:02:30,115 - INFO - Expert system analysis completed - Severity: moderate
2025-05-15 16:02:30,115 - INFO - Expert system analysis completed - Severity: normal
2025-05-15 16:02:30,115 - INFO - Expert system analysis completed - Severity: normal
2025-05-15 16:02:30,115 - INFO - Expert system analysis completed - Severity: high
2025-05-15 16:02:30,115 - INFO - Expert system analysis completed - Severity: normal
2025-05-15 16:02:30,115 - INFO - Expert system analysis completed - Severity: normal
2025-05-15 16:02:30,115 - INFO - Expert system analysis completed - Severity: high
2025-05-15 16:02:30,115 - INFO - Expert system analysis completed - Severity: normal
2025-05-15 16:02:30,115 - INFO - Expert system analysis completed - Severity: normal
2025-05-15 16:02:30,115 - INFO - Expert system analysis completed - Severity: moderate
2025-05-15 16:02:30,115 - INFO - Expert system analysis completed - Severity: moderate
2025-05-15 16:02:30,116 - INFO - Expert system analysis completed - Severity: moderate
2025-05-15 16:02:30,116 - INFO - Expert system analysis completed - Severity: moderate
2025-05-15 16:02:30,116 - INFO - Expert system analysis completed - Severity: normal
2025-05-15 16:02:30,116 - INFO - Expert system analysis completed - Severity: normal
2025-05-15 16:02:30,116 - INFO - Expert system analysis completed - Severity: normal
2025-05-15 16:02:30,116 - INFO - Expert system analysis completed - Severity: normal
2025-05-15 16:02:30,116 - INFO - Expert system analysis completed - Severity: normal
2025-05-15 16:02:30,116 - INFO - Expert system analysis completed - Severity: normal
2025-05-15 16:02:30,116 - INFO - Expert system analysis completed - Severity: normal
2025-05-15 16:02:30,116 - INFO - Expert system analysis completed - Severity: normal
2025-05-15 16:02:30,116 - INFO - Expert system analysis completed - Severity: normal
2025-05-15 16:02:30,117 - INFO - Expert system analysis completed - Severity: normal
2025-05-15 16:02:30,117 - INFO - Expert system analysis completed - Severity: normal
2025-05-15 16:02:30,117 - INFO - Expert system analysis completed - Severity: high
2025-05-15 16:02:30,117 - INFO - Expert system analysis completed - Severity: normal
2025-05-15 16:02:30,117 - INFO - Expert system analysis completed - Severity: normal
2025-05-15 16:02:30,117 - INFO - Expert system analysis completed - Severity: normal
2025-05-15 16:02:30,117 - INFO - Expert system analysis completed - Severity: normal
2025-05-15 16:02:30,117 - INFO - Expert system analysis completed - Severity: normal
2025-05-15 16:02:30,117 - INFO - Expert system analysis completed - Severity: normal
2025-05-15 16:02:30,117 - INFO - Expert system analysis completed - Severity: normal
2025-05-15 16:02:30,118 - INFO - Expert system analysis completed - Severity: moderate
2025-05-15 16:02:30,118 - INFO - Expert system analysis completed - Severity: moderate
2025-05-15 16:02:30,118 - INFO - Expert system analysis completed - Severity: high
2025-05-15 16:02:30,118 - INFO - Expert system analysis completed - Severity: normal
2025-05-15 16:02:30,118 - INFO - Expert system analysis completed - Severity: normal
2025-05-15 16:02:30,118 - INFO - Expert system analysis completed - Severity: normal
2025-05-15 16:02:30,118 - INFO - Expert system analysis completed - Severity: normal
2025-05-15 16:02:30,118 - INFO - Expert system analysis completed - Severity: normal
2025-05-15 16:02:30,118 - INFO - Expert system analysis completed - Severity: normal
2025-05-15 16:02:30,118 - INFO - Expert system analysis completed - Severity: normal
2025-05-15 16:02:30,118 - INFO - Expert system analysis completed - Severity: normal
2025-05-15 16:02:30,119 - INFO - Expert system analysis completed - Severity: normal
2025-05-15 16:02:30,119 - INFO - Expert system analysis completed - Severity: normal
2025-05-15 16:02:30,119 - INFO - Expert system analysis completed - Severity: moderate
2025-05-15 16:02:30,119 - INFO - Expert system analysis completed - Severity: moderate
2025-05-15 16:02:30,119 - INFO - Expert system analysis completed - Severity: normal
2025-05-15 16:02:30,119 - INFO - Expert system analysis completed - Severity: normal
2025-05-15 16:02:30,119 - INFO - Expert system analysis completed - Severity: high
2025-05-15 16:02:30,119 - INFO - Simulation completed successfully: {'total_patients': 32, 'patients_seen': 26, 'certificates_issued': 26, 'average_wait_time': 29.073976365741714, 'certificate_issuance_rate': 100.0, 'simulation_duration_hours': 8, 'num_doctors': 1, 'num_nurses': 4, 'nurse_decisions': {'refer': 4, 'treat': 27}, 'doctor_decisions': {'issue': 26, 'deny': 0}}
2025-05-15 16:07:44,470 - INFO - Expert system analysis completed - Severity: moderate
2025-05-15 16:07:44,522 - INFO - Expert system analysis completed - Severity: moderate
2025-05-15 16:07:44,600 - INFO - Expert system analysis completed - Severity: normal
2025-05-15 16:07:44,649 - INFO - Expert system analysis completed - Severity: normal
2025-05-15 16:07:44,761 - INFO - Expert system analysis completed - Severity: normal
2025-05-15 16:07:44,827 - INFO - Expert system analysis completed - Severity: normal
2025-05-15 16:07:44,905 - INFO - Expert system analysis completed - Severity: normal
2025-05-15 16:07:45,038 - INFO - Expert system analysis completed - Severity: normal
2025-05-15 16:07:45,113 - INFO - Expert system analysis completed - Severity: high
2025-05-15 16:07:45,257 - INFO - Expert system analysis completed - Severity: high
2025-05-15 16:07:45,436 - INFO - Expert system analysis completed - Severity: normal
2025-05-15 16:07:45,472 - INFO - Expert system analysis completed - Severity: normal
2025-05-15 16:07:45,513 - INFO - Expert system analysis completed - Severity: normal
2025-05-15 16:07:45,581 - INFO - Expert system analysis completed - Severity: normal
2025-05-15 16:07:45,649 - INFO - Expert system analysis completed - Severity: normal
2025-05-15 16:07:45,690 - INFO - Expert system analysis completed - Severity: normal
2025-05-15 16:07:45,748 - INFO - Expert system analysis completed - Severity: normal
2025-05-15 16:07:45,822 - INFO - Expert system analysis completed - Severity: normal
2025-05-15 16:07:45,887 - INFO - Expert system analysis completed - Severity: high
2025-05-15 16:07:45,982 - INFO - Expert system analysis completed - Severity: normal
2025-05-15 16:07:46,031 - INFO - Expert system analysis completed - Severity: normal
2025-05-15 16:07:46,083 - INFO - Expert system analysis completed - Severity: moderate
2025-05-15 16:07:46,156 - INFO - Expert system analysis completed - Severity: moderate
2025-05-15 16:07:46,205 - INFO - Expert system analysis completed - Severity: normal
2025-05-15 16:07:46,331 - INFO - Expert system analysis completed - Severity: normal
2025-05-15 16:07:46,402 - INFO - Expert system analysis completed - Severity: normal
2025-05-15 16:07:46,421 - INFO - Expert system analysis completed - Severity: normal
2025-05-15 16:07:46,514 - INFO - Expert system analysis completed - Severity: high
2025-05-15 16:07:46,689 - INFO - Expert system analysis completed - Severity: moderate
2025-05-15 16:07:46,766 - INFO - Expert system analysis completed - Severity: moderate
2025-05-15 16:07:46,856 - INFO - Expert system analysis completed - Severity: normal
2025-05-15 16:07:46,900 - INFO - Expert system analysis completed - Severity: normal
2025-05-15 16:07:47,044 - INFO - Expert system analysis completed - Severity: normal
2025-05-15 16:07:47,196 - INFO - Expert system analysis completed - Severity: high
2025-05-15 16:07:47,253 - INFO - Expert system analysis completed - Severity: normal
2025-05-15 16:07:47,368 - INFO - Expert system analysis completed - Severity: moderate
2025-05-15 16:07:47,458 - INFO - Expert system analysis completed - Severity: moderate
2025-05-15 16:07:47,523 - INFO - Expert system analysis completed - Severity: normal
2025-05-15 16:07:47,653 - INFO - Expert system analysis completed - Severity: normal
2025-05-15 16:07:47,730 - INFO - Expert system analysis completed - Severity: high
2025-05-15 16:07:47,883 - INFO - Expert system analysis completed - Severity: normal
2025-05-15 16:07:47,956 - INFO - Expert system analysis completed - Severity: normal
2025-05-15 16:07:48,072 - INFO - Expert system analysis completed - Severity: normal
2025-05-15 16:07:48,120 - INFO - Expert system analysis completed - Severity: normal
2025-05-15 16:07:48,209 - INFO - Expert system analysis completed - Severity: moderate
2025-05-15 16:07:48,326 - INFO - Expert system analysis completed - Severity: moderate
2025-05-15 16:07:48,413 - INFO - Expert system analysis completed - Severity: normal
2025-05-15 16:07:48,462 - INFO - Expert system analysis completed - Severity: normal
2025-05-15 16:07:48,553 - INFO - Expert system analysis completed - Severity: moderate
2025-05-15 16:07:48,609 - INFO - Expert system analysis completed - Severity: normal
2025-05-15 16:07:48,719 - INFO - Expert system analysis completed - Severity: moderate
2025-05-15 16:07:48,766 - INFO - Expert system analysis completed - Severity: normal
2025-05-15 16:07:48,837 - INFO - Expert system analysis completed - Severity: moderate
2025-05-15 16:07:48,948 - INFO - Expert system analysis completed - Severity: moderate
2025-05-15 16:07:49,071 - INFO - Expert system analysis completed - Severity: normal
2025-05-15 16:07:49,071 - INFO - Simulation completed successfully: {'total_patients': 31, 'patients_seen': 23, 'certificates_issued': 23, 'average_wait_time': 24.266440858760046, 'certificate_issuance_rate': 100.0, 'simulation_duration_hours': 8, 'num_doctors': 2, 'num_nurses': 3, 'nurse_decisions': {'refer': 6, 'treat': 24}, 'doctor_decisions': {'issue': 23, 'deny': 0}}
2025-05-15 16:12:21,683 - INFO - Expert system analysis completed - Severity: normal
2025-05-15 16:12:21,753 - INFO - Expert system analysis completed - Severity: normal
2025-05-15 16:12:21,833 - INFO - Expert system analysis completed - Severity: moderate
2025-05-15 16:12:21,913 - INFO - Expert system analysis completed - Severity: moderate
2025-05-15 16:12:22,092 - INFO - Expert system analysis completed - Severity: high
2025-05-15 16:12:22,430 - INFO - Expert system analysis completed - Severity: moderate
2025-05-15 16:12:22,482 - INFO - Expert system analysis completed - Severity: moderate
2025-05-15 16:12:22,584 - INFO - Expert system analysis completed - Severity: normal
2025-05-15 16:12:22,639 - INFO - Expert system analysis completed - Severity: normal
2025-05-15 16:12:22,743 - INFO - Expert system analysis completed - Severity: normal
2025-05-15 16:12:22,879 - INFO - Expert system analysis completed - Severity: normal
2025-05-15 16:12:22,935 - INFO - Expert system analysis completed - Severity: normal
2025-05-15 16:12:23,041 - INFO - Expert system analysis completed - Severity: normal
2025-05-15 16:12:23,170 - INFO - Expert system analysis completed - Severity: normal
2025-05-15 16:12:23,316 - INFO - Expert system analysis completed - Severity: normal
2025-05-15 16:12:23,397 - INFO - Expert system analysis completed - Severity: moderate
2025-05-15 16:12:23,440 - INFO - Expert system analysis completed - Severity: moderate
2025-05-15 16:12:23,553 - INFO - Expert system analysis completed - Severity: normal
2025-05-15 16:12:23,697 - INFO - Expert system analysis completed - Severity: normal
2025-05-15 16:12:23,794 - INFO - Expert system analysis completed - Severity: normal
2025-05-15 16:12:23,954 - INFO - Expert system analysis completed - Severity: normal
2025-05-15 16:12:24,038 - INFO - Expert system analysis completed - Severity: normal
2025-05-15 16:12:24,096 - INFO - Expert system analysis completed - Severity: normal
2025-05-15 16:12:24,193 - INFO - Expert system analysis completed - Severity: high
2025-05-15 16:12:24,475 - INFO - Expert system analysis completed - Severity: moderate
2025-05-15 16:12:24,556 - INFO - Expert system analysis completed - Severity: moderate
2025-05-15 16:12:24,647 - INFO - Expert system analysis completed - Severity: normal
2025-05-15 16:12:24,706 - INFO - Expert system analysis completed - Severity: normal
2025-05-15 16:12:24,878 - INFO - Expert system analysis completed - Severity: normal
2025-05-15 16:12:24,951 - INFO - Expert system analysis completed - Severity: normal
2025-05-15 16:12:25,021 - INFO - Expert system analysis completed - Severity: normal
2025-05-15 16:12:25,089 - INFO - Expert system analysis completed - Severity: normal
2025-05-15 16:12:25,223 - INFO - Expert system analysis completed - Severity: normal
2025-05-15 16:12:25,308 - INFO - Expert system analysis completed - Severity: normal
2025-05-15 16:12:25,485 - INFO - Expert system analysis completed - Severity: normal
2025-05-15 16:12:25,494 - INFO - Expert system analysis completed - Severity: normal
2025-05-15 16:12:25,875 - INFO - Expert system analysis completed - Severity: normal
2025-05-15 16:12:26,124 - INFO - Expert system analysis completed - Severity: normal
2025-05-15 16:12:26,412 - INFO - Expert system analysis completed - Severity: moderate
2025-05-15 16:12:26,617 - INFO - Expert system analysis completed - Severity: moderate
2025-05-15 16:12:26,687 - INFO - Expert system analysis completed - Severity: normal
2025-05-15 16:12:26,928 - INFO - Expert system analysis completed - Severity: normal
2025-05-15 16:12:27,210 - INFO - Expert system analysis completed - Severity: high
2025-05-15 16:12:27,293 - INFO - Expert system analysis completed - Severity: normal
2025-05-15 16:12:27,318 - INFO - Expert system analysis completed - Severity: normal
2025-05-15 16:12:27,390 - INFO - Expert system analysis completed - Severity: normal
2025-05-15 16:12:27,400 - INFO - Expert system analysis completed - Severity: normal
2025-05-15 16:12:27,428 - INFO - Expert system analysis completed - Severity: moderate
2025-05-15 16:12:27,618 - INFO - Expert system analysis completed - Severity: normal
2025-05-15 16:12:27,690 - INFO - Expert system analysis completed - Severity: moderate
2025-05-15 16:12:27,706 - INFO - Expert system analysis completed - Severity: normal
2025-05-15 16:12:27,737 - INFO - Expert system analysis completed - Severity: normal
2025-05-15 16:12:27,865 - INFO - Expert system analysis completed - Severity: normal
2025-05-15 16:12:28,064 - INFO - Expert system analysis completed - Severity: normal
2025-05-15 16:12:28,085 - INFO - Expert system analysis completed - Severity: normal
2025-05-15 16:12:28,168 - INFO - Expert system analysis completed - Severity: normal
2025-05-15 16:12:28,192 - INFO - Expert system analysis completed - Severity: normal
2025-05-15 16:12:28,208 - INFO - Expert system analysis completed - Severity: moderate
2025-05-15 16:12:28,223 - INFO - Expert system analysis completed - Severity: moderate
2025-05-15 16:12:28,245 - INFO - Expert system analysis completed - Severity: normal
2025-05-15 16:12:28,276 - INFO - Expert system analysis completed - Severity: normal
2025-05-15 16:12:28,350 - INFO - Expert system analysis completed - Severity: high
2025-05-15 16:12:28,357 - INFO - Simulation completed successfully: {'total_patients': 33, 'patients_seen': 28, 'certificates_issued': 28, 'average_wait_time': 25.09536321675845, 'certificate_issuance_rate': 100.0, 'simulation_duration_hours': 8, 'num_doctors': 2, 'num_nurses': 3, 'nurse_decisions': {'refer': 4, 'treat': 29}, 'doctor_decisions': {'issue': 28, 'deny': 0}}
2025-05-15 18:08:49,540 - ERROR - Error showing simulation results: None is not a generator.
2025-05-15 18:08:54,656 - ERROR - Error showing simulation results: None is not a generator.
2025-05-15 18:09:21,951 - ERROR - Error showing simulation results: None is not a generator.
2025-05-15 18:10:39,407 - ERROR - Error showing simulation results: None is not a generator.
2025-05-15 18:33:20,188 - ERROR - Error showing simulation results: 'MedicalCertificateSystem' object has no attribute 'complexity_labels'
